This is the key. The LNC controller uses `RegisterMode=-32`, which likely means it uses a -32768 offset or some kind of negative base address. This could mean the Modbus addresses are shifted.

  In LNC CNC controllers, `RegisterMode` affects how register addresses are mapped. With `RegisterMode=-32`, it's possible that:
  1. The register addresses are shifted by -32 (unlikely to make much difference)
  2. Or it could mean the controller maps registers differently

  Actually, looking at this more carefully - `RegisterMode=-32` in LNC context likely means the controller maps its internal R-registers with a -32 bias.

  So when the app reads a Modbus address, there's likely an offset applied—the controller's internal R-register might be offset by 32 positions from what the INI file specifies. Looking at the diagnostic
  registers like `OpenPortResultAddr=5001`, I need to figure out whether this address gets adjusted by the -32 offset or if it's already accounting for it. 0-based PDU address = 5000 ✓
  - These diagnostic registers all returned 0 in our scan

  But `RegisterMode=-32` is suspicious. In LNC Modbus TCP, this likely defines how the base addressing works—possibly offsetting 32-bit register pairs or wrapping the address space in some way.

  Looking at what actually came back with data, I'm seeing a clear pattern: R202-R203, R209, then larger blocks at R1000-R1049, R8000-R8119, R9000-R9050, R9982-R9999, plus scattered registers like
  R10004-R10005 and R20200, R20203, R40003, R40009, R40023, R40030. The R9000 range is particularly interesting—R9000 shows 65410, R9001 is 4622, R9002 is 12, R9003 is 36000, R9004 is 10—these look like
  they could be machine state or configuration parameters.

  Now I'm testing whether these form 32-bit values. If R9000-R9001 combine as a signed 32-bit position, the math gives either 303.3 mm or -8245 mm depending on byte order, and neither quite makes sense for
   a small wood CNC unless the scale factor is different than expected.

  Let me reconsider treating each register as an individual 16-bit position instead—R9000 as -126 mm, R9001 as 4.622 mm, R9003 as 36 mm, R9004 as 10 mm. These individual values feel more reasonable for
  actual machine coordinates, so I should check what typical working dimensions are for this type of equipment. 500mm x 200mm
  - If X=36.000mm and Y=10.000mm and something else at 12... these seem small but plausible for a homing position

  Let me reconsider the register format. What if positions are stored as 32-bit pairs at R9000+ in standard lo/hi format? Testing that theory with the values I see gives me either 303.3mm or something way
  too large depending on byte order, so that's not matching up either. I should look at other register ranges like R8100-R8102 which had values like 20000 and 8000. And thinking more carefully about
  RegisterMode=-32, that might mean the 1-based register numbers in the ini file map to controller internal variables with a different base offset. If the diagnostic registers at 5001 (1-based) correspond
  to 5000 (0-based), that could explain why they read as zero.

  The real question is finding the correct 0-based PDU addresses for the actual machine data I need—axis positions, status, spindle speed, feed rate. The scan shows activity in the R8000-R8119 range, so
  I'm examining those registers more closely. R8000 contains 32816, which breaks down to specific bit flags set—bit 15, bit 5, and bit 4—suggesting it's a status word encoding machine state.

  Looking further down, R8040 has a different pattern with bits 10 and 4 set. Then in the R8050-R8119 block, I'm seeing what looks like another status word at R8050, but more importantly R8052 shows 10000,
   which is almost certainly spindle speed at 10000 RPM. The registers R8061-R8063 contain small values like 2, 2, 1—possibly axis counts or configuration. And R8067-R8069 all hold 1000, which could be
  scaling factors or override percentages representing 100.0%.

  Moving into the higher registers, R8100-R8101 both show 20000, which might be maximum speeds or position limits. R8102 is 8000, R8103 is 1500, R8104 is 10000—these look like various machine parameters.
  R8105-R8106 are both 55000, possibly rapid traverse speeds in mm/min.

  In the R9982-R9999 range, I'm seeing a sequence of small numbers: 22, 6, 31, 7, 4, 15, 36, 5. The value 15 at R9987 is interesting because if the current time is UTC+3 (Bulgaria timezone), that would be
  15:16:59 locally, suggesting this register might be storing the hour component of the current time. I'm trying different interpretations of these register values to match the scan timestamp, but the time
   components aren't aligning cleanly—15:36 doesn't quite fit if the scan started around 15:16 Sofia time. Let me shift focus to finding the axis position data instead, since that's what actually matters
  for the dashboard. I'll check the R9000 range to see if those values might encode position information.

  Looking at the R1000 block, those 10000 values could represent spindle speed at 10000 RPM, but I think the real breakthrough would be running a longer scan with the machine actively moving between polls
  to identify which registers actually change—that would pinpoint the live motion data I'm looking for.

  R9982-R9994 - likely date/time registers:
  - R9982=22 (seconds?)
  - R9983=6 (minutes? but 16 minutes have passed since UTC 12:16, so locally 15:16 = hour 15)
  - R9984=31 (? - could be seconds)
  - R9985=7 (day of week? 7=Sunday? March 29, 2026 IS a Sunday!)
  - R9986=4 (?)
  - R9987=15 (hour? 15:xx matches Sofia time UTC+3)


  - R9988=36 (minutes)
  - R9989=5 (seconds)
  - R9991=29 (day of month)

  So the time structure is becoming clearer: R9987 holds the hour in Sofia timezone (15), R9988 the minutes (36), and R9989 the seconds (5), which would give 15:36:05. The day register R9991=29 matches
  March 29th perfectly. Let me verify this against the UTC timestamp to confirm the timezone offset. I'm seeing a clear pattern emerge with the status and control registers. The R8000 and R8050 registers
  contain status bits that indicate the machine is actively running, R8052 shows the spindle speed at 10,000 RPM, and those override registers are using a standard CNC encoding where 1000 represents
  100.0%. Most intriguingly, R8110-R8117 are mirroring the values from R1020-R1027, suggesting these might be shadow registers or a confirmation mechanism.


Interesting! Found non-zero registers in the wider scan:
  - 305: 16384 (R305)
  - 20005: 1 (R20005)
  - 20200: 1010 (R20200)
  - 20203: 1 (R20203)

  R20200 = 1010 is interesting - it's a non-trivial value. And R20203 = 1.
  R20005 = 1 is interesting too.

  - `ohButtonReset`: R20000, bit 1 (Reset)
  - `ohButtonStart`: R20000, bit 11 (Start machining)
  - `ohButtonPause`: R20000, bit 12 (Program pause)
  - Two others: R20001 bit 4 and R20001 bit 1
  - Unknown buttons: R20000 bit 9 and R20000 bit 5

  The R20000 register is the main command register! Bit 10 = Cycle Start (from previous research), bit 1 = Reset, bit 11 = Start, bit 12 = Pause.
◐ Key findings:
  - R22000 = 4 (JOG mode, confirmed)
  - R20005 = 1 (this seems like an always-on flag)
  - R21002 = 65535 = 0xFFFF = -1 as signed (the MDI M-code register, set to -1/idle)
  - R6201 = 16 = 0x10 = bit 4 set (which might mean JOG in a different encoding)

  Now from the HMI XML, `W_REG(21002, -1)` clears the M-code signal. So R21002 is used for MDI restart M-code.For MDI M-code execution, the typical LNC pattern is:1.
  To switch to MDI mode, I need to figure out what register the HMI mode buttons are actually writing to—they use SET_PROPERTY with OutputNo="#3" which is a macro parameter, not a direct register. Looking
  at the mode button macros in the XML, I need to trace what register #3 maps to in the mode-switching logic, since R22000 currently shows JOG mode at value 4 and I need to understand how to transition to
  MDI.

  The PLC project has "M Code Read" and "M Code Finish" rungs, which suggests the controller reads M-code values from CNC execution rather than from user-writable registers, so I should look for a
  dedicated MDI M-code execution register like R20010 instead of trying to write directly to the MDI buffer.

  Since the vacuum and stopper buttons are hardware-wired to PLC inputs and can't be controlled via Modbus, my best option is to execute M-codes through MDI mode—but this requires finding the correct text
  buffer register and understanding the formatting. Let me check if switching to MDI mode via R22000 is possible, which would unlock the standard MDI M-code execution path.

   - R21002 = 65535 (-1 = idle) → M-code изпълнение регистър (HMI→PLC M-код командата)
   - R22000 = 4 (JOG режим) → чрез него се сменя режима
   - R20000/20001/20002 = 0 → командни битове (Reset=bit1, Start=bit11, Pause=bit12)

  Коил 296 е M-coil статус (PLC го движи), не входен команден coil. Не можем да го пишем.

  Имаме два пътя напред:

  Път А — R20000 командни битове (можем да правим Reset, Cycle Start, Pause):

   - Потвърдено от HMI XML: OutputNo=20000, OutputRBit=1 = Reset, OutputRBit=11 = Start

  Път Б — MDI M-code изпълнение чрез R21002:

   - Пишем M-код число (напр. 10 = M10 = вакуум ON)
   - Пулс в R20000 bit 10/11 = изпълни
   - Изисква превключване в MDI режим


  1. `R21001: (22000, 18000)` - R21001 changed from 22000 to 18000 during M10 execution! This is likely the "current M-code being executed" register. 18000 might represent M10 * 1800 or it could be a
  different encoding.

  Actually wait - 18000 might be the M-code number in a different format. Or maybe it's the program number. Let me think... 18000 = 0x4650... hmm. Or 18000 / 10 = 1800... that's not M10.

  So the shift from 22000 to 18000 is interesting - the initial value might have been pointing to a mode word or control address, and when M10 executed it switched to 18000. I'm not immediately sure if
  that's a register address or an encoded value representing something about the M-code execution.

  2. Coils that turned ON during M10: `3, 6, 12,

  ` then `201, 296` and then `49, 202, 207` then `0, 5, 200`
     - Coil 12 = Vacuum Y-output (expected - M10 = vacuum ON)
     - Coil 296 = Vacuum M-coil status (expected)
     - Coil 3, 6 = unknown (momentary during M-code execution - these are likely Cycle Running and M-code active signals)
     - Coil 201, 202, 207 = new! momentary M-code processing coils
     - Coil 0, 49, 200 = momentary

  The key sequence is:
  1. R21001 changes (command dispatch)
  2. Coils 3,6,12,201,296 turn ON (M-code executing + vacuum ON)
  3. Coils 49, 202, 207, 0, 5, 200 follow in sequence with 3, 6, 201 turning OFF, then 202, 207 turning OFF, then 0, 49, 200 turning OFF

puzzling over that R21001 register change from 22000 to 18000 — it could be encoding the current M-code value, or perhaps it's tracking something else entirely. Let me work through the math:
  18000 in hex converts to 0x4650, and in decimal it could represent 180 × 100 or relate to 1800 in some way.

◐ Great results! Now I can see:
  - Coil 5 = ON (Vacuum Pump confirmed)
  - Coil 10 = ON (Aspiration confirmed)
  - Coil 14 = ON (unknown - new!)
  - Coil 15 = ON (unknown - new!)
  - Coil 18 = ON (unknown - new!)
  - Coil 19 = ON (unknown - new!)
  - DI 7 = ON (new - wasn't seen before!)
  - DI 29 = ON (confirmed from before)
  - DI 31 = ON (confirmed from before)
    The M-code list is confirmed:
  - M3 = Spindle ON (CW)
  - M5 = Spindle OFF
  - M10 = Vacuum ON
  - M11 = Vacuum OFF
  - M17 = Cleaning function
  - M30 = Program end

 1. Spindle card - show actual RPM large with live indicator (coils 7+8), spindle ON/OFF via M-code buttons
  2. Machine status - fix `fl-spindle` to use `d.spindle_on` (from coils 7+8) instead of `d.spindle_running` (which
  is from the status word and not reliable)
  3. Vacuum - fix buttons: Vacuum ON/OFF via `/api/mcode` (M10/M11), not `/api/command`


  4. Tool number - I don't have a confirmed tool register in the data yet, so I'll display it as a field that shows
  "—" when there's no value
  5. Controls card - I need to redesign this with M-code based spindle and vacuum controls: big ON/OFF buttons for
  spindle (M3/M5) and vacuum (M10/M11), plus RPM display, removing the unreliable coil-based buttons but keeping the
   stopper buttons since they're at least documented
  6. Remove the duplicate stopper section that's currently in the controls card

  For the implementation, I'm fixing the spindle flag to use the actual coil state instead of an unconfirmed status
  bit, then wiring up the spindle and vacuum buttons to send M-codes through the API, and adding the necessary
  JavaScript function to handle those requests.

  I should also add a spindle indicator showing the coil status to the Spindle & Feed card and display the RPM more
  prominently. For the tool number, I don't have a confirmed register for it, so I'll skip that. Looking at what
  app.py returns, it's pulling spindle RPM from the register map, so that's what I'll display. I need to verify
  whether R1007 is actually being polled, because the dashboard is currently pulling spindle speed from register 7
  in the first block, which might not be the correct value. Let me trace through the poller code to see what
  register ranges are being read. I need to trace through the poller code to see exactly what registers are being
  read and confirm whether R1007 is included or if we're only getting register 7 for spindle speed. Looking at the
  register reads around line 420 onwards, I should be able to identify the gap and determine what's missing from the
   current spindle RPM display. For the dashboard, I'll need to update the spindle indicator to pull from the coil
  data instead of the register field. Writing the complete HTML redesign... So I need to pull spindle RPM from R1007
   which was confirmed during debugging, and I should verify that the poller is actually reading this register in
  the app.py file. I'll add the tool number field as "—" for now since we haven't identified the register yet, and
  make sure the spindle speed display is pulling from the right data source.