[2026-04-26 12:22:42] --- DISCOVERY SESSION STARTED (Machine Running) ---
[2026-04-26 12:27:20] ERROR: timed out
[2026-04-26 12:31:21] --- DISCOVERY SESSION STARTED (Machine Running) ---
[2026-04-26 12:32:19] R10032-R10033 (32-bit) CHANGED: INT32: 4259905 -> 4390979 (Δ131074) | FLOAT32: 0.0000 -> 0.0000
[2026-04-26 12:32:20] R10032-R10033 (32-bit) CHANGED: INT32: 4390979 -> 4325442 (Δ-65537) | FLOAT32: 0.0000 -> 0.0000
[2026-04-26 12:33:01] ERROR: timed out
[2026-04-26 12:34:23] --- DISCOVERY SESSION STARTED (Machine Running) ---
[2026-04-26 12:36:31] --- DISCOVERY SESSION STOPPED ---
[2026-04-26 12:49:28] --- DISCOVERY SESSION STARTED (Machine Running) ---
[2026-04-26 12:53:19] R10032-R10033 (32-bit) CHANGED: INT32: 4194370 -> 4259907 (Δ65537) | FLOAT32: 0.0000 -> 0.0000
[2026-04-26 12:53:20] R10032 (16-bit) CHANGED: 67 -> 65 (Δ-2)
[2026-04-26 12:53:20] R10034 (16-bit) CHANGED: 2 -> 0 (Δ-2)
[2026-04-26 12:55:48] R10032-R10033 (32-bit) CHANGED: INT32: 4259905 -> 4390979 (Δ131074) | FLOAT32: 0.0000 -> 0.0000
[2026-04-26 12:55:49] R10032-R10033 (32-bit) CHANGED: INT32: 4390979 -> 4325442 (Δ-65537) | FLOAT32: 0.0000 -> 0.0000
[2026-04-26 12:59:39] R10006 (16-bit) CHANGED: 64 -> 68 (Δ4)
[2026-04-26 12:59:39] R10021 (16-bit) CHANGED: 64 -> 68 (Δ4)
[2026-04-26 12:59:39] R10032-R10033 (32-bit) CHANGED: INT32: 4325442 -> 4456516 (Δ131074) | FLOAT32: 0.0000 -> 0.0000
[2026-04-26 12:59:41] R10006 (16-bit) CHANGED: 68 -> 0 (Δ-68)
[2026-04-26 12:59:41] R10019 (16-bit) CHANGED: 0 -> 4 (Δ4)
[2026-04-26 12:59:41] R10021 (16-bit) CHANGED: 68 -> 0 (Δ-68)
[2026-04-26 12:59:41] R10032-R10033 (32-bit) CHANGED: INT32: 4456516 -> 0 (Δ-4456516) | FLOAT32: 0.0000 -> 0.0000
[2026-04-26 13:00:14] R10003 (16-bit) CHANGED: 0 -> 71 (Δ71)
[2026-04-26 13:00:14] R10030 (16-bit) CHANGED: 0 -> 4 (Δ4)
[2026-04-26 13:00:15] R10003 (16-bit) CHANGED: 71 -> 0 (Δ-71)
[2026-04-26 13:00:15] R10030 (16-bit) CHANGED: 4 -> 0 (Δ-4)
[2026-04-26 13:00:20] R10006 (16-bit) CHANGED: 0 -> 2 (Δ2)
[2026-04-26 13:00:20] R10022 (16-bit) CHANGED: 0 -> 2 (Δ2)
[2026-04-26 13:00:20] R10032 (16-bit) CHANGED: 0 -> 2 (Δ2)
[2026-04-26 13:00:20] R10034 (16-bit) CHANGED: 0 -> 2 (Δ2)
[2026-04-26 13:00:24] R10006 (16-bit) CHANGED: 2 -> 0 (Δ-2)
[2026-04-26 13:00:24] R10022 (16-bit) CHANGED: 2 -> 0 (Δ-2)
[2026-04-26 13:00:24] R10032 (16-bit) CHANGED: 2 -> 0 (Δ-2)
[2026-04-26 13:00:24] R10034 (16-bit) CHANGED: 2 -> 0 (Δ-2)
